<?xml version="1.0" encoding="UTF-8"?><testsuite errors="0" failures="0" name="Confirm whether a visa is required to visit the UK for individuals of different countries and purposes" skipped="0" tests="6" time="96.7" timestamp="2020-04-21 08:02:54"><testcase name="Confirm whether a visa is required to visit the UK for Japan and Tourism"/><testcase name="Confirm whether a visa is required to visit the UK for Japan and Study"/><testcase name="Confirm whether a visa is required to visit the UK for Russia and Tourism"/></testsuite>